2023.02.01 17:32:12 INFO  tracing is disabled for protocol LSP, to enable tracing of incoming and outgoing JSON messages create an empty file at d:\OneDrive\Study\DevOps\Kafka\ApacheKafkaStreams\Refer\kafka-streams-course-2.0.0\favourite-colour-scala\.metals\lsp.trace.json or C:\Users\DELL\AppData\Local\scalameta\metals\cache\lsp.trace.json
2023.02.01 17:32:14 INFO  logging to file D:\OneDrive\Study\DevOps\Kafka\ApacheKafkaStreams\Refer\kafka-streams-course-2.0.0\favourite-colour-scala\.metals\metals.log
2023.02.01 17:32:14 INFO  Started: Metals version 0.11.10 in workspace 'D:\OneDrive\Study\DevOps\Kafka\ApacheKafkaStreams\Refer\kafka-streams-course-2.0.0\favourite-colour-scala' for client Visual Studio Code 1.74.3.
SLF4J: No SLF4J providers were found.
SLF4J: Defaulting to no-operation (NOP) logger implementation
SLF4J: See https://www.slf4j.org/codes.html#noProviders for further details.
SLF4J: Class path contains SLF4J bindings targeting slf4j-api versions 1.7.x or earlier.
SLF4J: Ignoring binding found at [jar:file:/C:/Users/DELL/AppData/Local/Coursier/cache/v1/https/repo1.maven.org/maven2/com/outr/scribe-slf4j_2.13/3.10.5/scribe-slf4j_2.13-3.10.5.jar!/org/slf4j/impl/StaticLoggerBinder.class]
SLF4J: See https://www.slf4j.org/codes.html#ignoredBindings for an explanation.
2023.02.01 17:32:21 INFO  time: initialize in 6.71s
2023.02.01 17:32:23 WARN  Build server is not auto-connectable.
2023.02.01 17:32:23 WARN  Unsupported sbt version 0.13.16
2023.02.01 17:34:24 WARN  no build target for: D:\OneDrive\Study\DevOps\Kafka\ApacheKafkaStreams\Refer\kafka-streams-course-2.0.0\favourite-colour-scala\project\PackagingTypePlugin.scala
2023.02.01 17:34:41 INFO  no build target found for D:\OneDrive\Study\DevOps\Kafka\ApacheKafkaStreams\Refer\kafka-streams-course-2.0.0\favourite-colour-scala\project\PackagingTypePlugin.scala. Using presentation compiler with project's scala-library version: 3.2.1
2023.02.01 17:34:47 WARN  no build target for: D:\OneDrive\Study\DevOps\Kafka\ApacheKafkaStreams\Refer\kafka-streams-course-2.0.0\favourite-colour-scala\project\PackagingTypePlugin.scala
2023.02.01 17:34:48 INFO  time: code lens generation in 22s
2023.02.01 17:34:54 WARN  no build target for: D:\OneDrive\Study\DevOps\Kafka\ApacheKafkaStreams\Refer\kafka-streams-course-2.0.0\favourite-colour-scala\src\main\scala\com\github\simplesteph\udemy\kafka\streams\FavouriteColourAppScala.scala
2023.02.01 17:35:02 WARN  no build target for: D:\OneDrive\Study\DevOps\Kafka\ApacheKafkaStreams\Refer\kafka-streams-course-2.0.0\favourite-colour-scala\src\main\scala\com\github\simplesteph\udemy\kafka\streams\FavouriteColourAppScala.scala
Feb 01, 2023 5:35:02 PM org.eclipse.lsp4j.jsonrpc.RemoteEndpoint fallbackResponseError
SEVERE: Internal error: scala.meta.internal.metals.debug.BuildTargetNotFoundForPathException: No build target could be found for the path: D:\OneDrive\Study\DevOps\Kafka\ApacheKafkaStreams\Refer\kafka-streams-course-2.0.0\favourite-colour-scala\src\main\scala\com\github\simplesteph\udemy\kafka\streams\FavouriteColourAppScala.scala
java.util.concurrent.CompletionException: scala.meta.internal.metals.debug.BuildTargetNotFoundForPathException: No build target could be found for the path: D:\OneDrive\Study\DevOps\Kafka\ApacheKafkaStreams\Refer\kafka-streams-course-2.0.0\favourite-colour-scala\src\main\scala\com\github\simplesteph\udemy\kafka\streams\FavouriteColourAppScala.scala
	at java.base/java.util.concurrent.CompletableFuture.encodeThrowable(CompletableFuture.java:332)
	at java.base/java.util.concurrent.CompletableFuture.uniAcceptNow(CompletableFuture.java:747)
	at java.base/java.util.concurrent.CompletableFuture.uniAcceptStage(CompletableFuture.java:735)
	at java.base/java.util.concurrent.CompletableFuture.thenAcceptAsync(CompletableFuture.java:2186)
	at scala.concurrent.java8.FuturesConvertersImpl$CF.thenAccept(FutureConvertersImpl.scala:37)
	at org.eclipse.lsp4j.jsonrpc.RemoteEndpoint.handleRequest(RemoteEndpoint.java:279)
	at org.eclipse.lsp4j.jsonrpc.RemoteEndpoint.consume(RemoteEndpoint.java:190)
	at org.eclipse.lsp4j.jsonrpc.json.StreamMessageProducer.handleMessage(StreamMessageProducer.java:194)
	at org.eclipse.lsp4j.jsonrpc.json.StreamMessageProducer.listen(StreamMessageProducer.java:94)
	at org.eclipse.lsp4j.jsonrpc.json.ConcurrentMessageProcessor.run(ConcurrentMessageProcessor.java:113)
	at java.base/java.util.concurrent.Executors$RunnableAdapter.call(Executors.java:539)
	at java.base/java.util.concurrent.FutureTask.run(FutureTask.java:264)
	at java.base/java.util.concurrent.ThreadPoolExecutor.runWorker(ThreadPoolExecutor.java:1136)
	at java.base/java.util.concurrent.ThreadPoolExecutor$Worker.run(ThreadPoolExecutor.java:635)
	at java.base/java.lang.Thread.run(Thread.java:833)
Caused by: scala.meta.internal.metals.debug.BuildTargetNotFoundForPathException: No build target could be found for the path: D:\OneDrive\Study\DevOps\Kafka\ApacheKafkaStreams\Refer\kafka-streams-course-2.0.0\favourite-colour-scala\src\main\scala\com\github\simplesteph\udemy\kafka\streams\FavouriteColourAppScala.scala
	at scala.meta.internal.metals.debug.DebugProvider.debugDiscovery(DebugProvider.scala:400)
	at scala.meta.internal.metals.MetalsLanguageServer.executeCommand(MetalsLanguageServer.scala:2012)
	at java.base/jdk.internal.reflect.NativeMethodAccessorImpl.invoke0(Native Method)
	at java.base/jdk.internal.reflect.NativeMethodAccessorImpl.invoke(NativeMethodAccessorImpl.java:77)
	at java.base/jdk.internal.reflect.DelegatingMethodAccessorImpl.invoke(DelegatingMethodAccessorImpl.java:43)
	at java.base/java.lang.reflect.Method.invoke(Method.java:568)
	at org.eclipse.lsp4j.jsonrpc.services.GenericEndpoint.lambda$null$0(GenericEndpoint.java:65)
	at org.eclipse.lsp4j.jsonrpc.services.GenericEndpoint.request(GenericEndpoint.java:120)
	at org.eclipse.lsp4j.jsonrpc.RemoteEndpoint.handleRequest(RemoteEndpoint.java:261)
	... 9 more

2023.02.01 17:35:14 WARN  no build target for: D:\OneDrive\Study\DevOps\Kafka\ApacheKafkaStreams\Refer\kafka-streams-course-2.0.0\favourite-colour-scala\build.sbt
2023.02.01 17:53:36 INFO  shutting down Metals
